[ 2014-09-04T21:53:24+08:00 ] 172.18.159.93 /HG/
INFO: [ app_begin ] --START--
INFO: Run ReadHtmlCache Behavior [ RunTime:0.001141s ]
INFO: [ app_begin ] --END-- [ RunTime:0.001256s ]
INFO: [ view_template ] --START--
INFO: Run LocationTemplate Behavior [ RunTime:0.000761s ]
INFO: [ view_template ] --END-- [ RunTime:0.000827s ]
INFO: [ view_parse ] --START--
INFO: Run ParseTemplate Behavior [ RunTime:0.015440s ]
INFO: [ view_parse ] --END-- [ RunTime:0.015528s ]
INFO: [ view_filter ] --START--
INFO: Run ContentReplace Behavior [ RunTime:0.000639s ]
INFO: Run TokenBuild Behavior [ RunTime:0.000560s ]
INFO: Run WriteHtmlCache Behavior [ RunTime:0.000430s ]
INFO: Run ShowRuntime Behavior [ RunTime:0.000554s ]
INFO: [ view_filter ] --END-- [ RunTime:0.002393s ]
INFO: [ view_end ] --START--
INFO: Run ShowPageTrace Behavior [ RunTime:0.000620s ]
INFO: [ view_end ] --END-- [ RunTime:0.000673s ]

[ 2014-09-04T21:55:53+08:00 ] 172.18.159.93 /HG/
INFO: [ app_begin ] --START--
INFO: Run ReadHtmlCache Behavior [ RunTime:0.001576s ]
INFO: [ app_begin ] --END-- [ RunTime:0.001758s ]
INFO: [ view_template ] --START--
INFO: Run LocationTemplate Behavior [ RunTime:0.001258s ]
INFO: [ view_template ] --END-- [ RunTime:0.001401s ]
INFO: [ view_parse ] --START--
INFO: Run ParseTemplate Behavior [ RunTime:0.015761s ]
INFO: [ view_parse ] --END-- [ RunTime:0.015861s ]
INFO: [ view_filter ] --START--
INFO: Run ContentReplace Behavior [ RunTime:0.000654s ]
INFO: Run TokenBuild Behavior [ RunTime:0.000543s ]
INFO: Run WriteHtmlCache Behavior [ RunTime:0.000355s ]
INFO: Run ShowRuntime Behavior [ RunTime:0.000535s ]
INFO: [ view_filter ] --END-- [ RunTime:0.002244s ]
INFO: [ view_end ] --START--
INFO: Run ShowPageTrace Behavior [ RunTime:0.000820s ]
INFO: [ view_end ] --END-- [ RunTime:0.000894s ]

[ 2014-09-04T21:56:22+08:00 ] 172.18.159.93 /HG/
INFO: [ app_begin ] --START--
INFO: Run ReadHtmlCache Behavior [ RunTime:0.000692s ]
INFO: [ app_begin ] --END-- [ RunTime:0.000776s ]
INFO: [ view_template ] --START--
INFO: Run LocationTemplate Behavior [ RunTime:0.000791s ]
INFO: [ view_template ] --END-- [ RunTime:0.000861s ]
INFO: [ view_parse ] --START--
INFO: Run ParseTemplate Behavior [ RunTime:0.017575s ]
INFO: [ view_parse ] --END-- [ RunTime:0.017706s ]
INFO: [ view_filter ] --START--
INFO: Run ContentReplace Behavior [ RunTime:0.000779s ]
INFO: Run TokenBuild Behavior [ RunTime:0.000458s ]
INFO: Run WriteHtmlCache Behavior [ RunTime:0.000383s ]
INFO: Run ShowRuntime Behavior [ RunTime:0.000578s ]
INFO: [ view_filter ] --END-- [ RunTime:0.002399s ]
INFO: [ view_end ] --START--
INFO: Run ShowPageTrace Behavior [ RunTime:0.000604s ]
INFO: [ view_end ] --END-- [ RunTime:0.000658s ]

[ 2014-09-04T21:56:38+08:00 ] 172.18.159.93 /HG/
INFO: [ app_begin ] --START--
INFO: Run ReadHtmlCache Behavior [ RunTime:0.000701s ]
INFO: [ app_begin ] --END-- [ RunTime:0.000789s ]
INFO: [ view_template ] --START--
INFO: Run LocationTemplate Behavior [ RunTime:0.000664s ]
INFO: [ view_template ] --END-- [ RunTime:0.000722s ]
INFO: [ view_parse ] --START--
INFO: Run ParseTemplate Behavior [ RunTime:0.016388s ]
INFO: [ view_parse ] --END-- [ RunTime:0.016470s ]
INFO: [ view_filter ] --START--
INFO: Run ContentReplace Behavior [ RunTime:0.000638s ]
INFO: Run TokenBuild Behavior [ RunTime:0.000449s ]
INFO: Run WriteHtmlCache Behavior [ RunTime:0.000336s ]
INFO: Run ShowRuntime Behavior [ RunTime:0.000537s ]
INFO: [ view_filter ] --END-- [ RunTime:0.002118s ]
INFO: [ view_end ] --START--
INFO: Run ShowPageTrace Behavior [ RunTime:0.000684s ]
INFO: [ view_end ] --END-- [ RunTime:0.000740s ]

[ 2014-09-04T22:00:00+08:00 ] 192.168.191.2 /HG/
INFO: [ app_begin ] --START--
INFO: Run ReadHtmlCache Behavior [ RunTime:0.000741s ]
INFO: [ app_begin ] --END-- [ RunTime:0.000824s ]
INFO: [ view_template ] --START--
INFO: Run LocationTemplate Behavior [ RunTime:0.000726s ]
INFO: [ view_template ] --END-- [ RunTime:0.000784s ]
INFO: [ view_parse ] --START--
INFO: Run ParseTemplate Behavior [ RunTime:0.015365s ]
INFO: [ view_parse ] --END-- [ RunTime:0.015461s ]
INFO: [ view_filter ] --START--
INFO: Run ContentReplace Behavior [ RunTime:0.000784s ]
INFO: Run TokenBuild Behavior [ RunTime:0.000601s ]
INFO: Run WriteHtmlCache Behavior [ RunTime:0.000421s ]
INFO: Run ShowRuntime Behavior [ RunTime:0.002035s ]
INFO: [ view_filter ] --END-- [ RunTime:0.004135s ]
INFO: [ view_end ] --START--
INFO: Run ShowPageTrace Behavior [ RunTime:0.000881s ]
INFO: [ view_end ] --END-- [ RunTime:0.000953s ]

[ 2014-09-04T22:03:31+08:00 ] 172.18.159.93 /HG/
INFO: [ app_begin ] --START--
INFO: Run ReadHtmlCache Behavior [ RunTime:0.002084s ]
INFO: [ app_begin ] --END-- [ RunTime:0.002294s ]
INFO: [ view_template ] --START--
INFO: Run LocationTemplate Behavior [ RunTime:0.001081s ]
INFO: [ view_template ] --END-- [ RunTime:0.001188s ]
INFO: [ view_parse ] --START--
INFO: Run ParseTemplate Behavior [ RunTime:0.016540s ]
INFO: [ view_parse ] --END-- [ RunTime:0.016624s ]
INFO: [ view_filter ] --START--
INFO: Run ContentReplace Behavior [ RunTime:0.000808s ]
INFO: Run TokenBuild Behavior [ RunTime:0.000599s ]
INFO: Run WriteHtmlCache Behavior [ RunTime:0.000435s ]
INFO: Run ShowRuntime Behavior [ RunTime:0.000703s ]
INFO: [ view_filter ] --END-- [ RunTime:0.002751s ]
INFO: [ view_end ] --START--
INFO: Run ShowPageTrace Behavior [ RunTime:0.000628s ]
INFO: [ view_end ] --END-- [ RunTime:0.000682s ]

[ 2014-09-04T22:03:37+08:00 ] 172.18.159.93 /HG/
INFO: [ app_begin ] --START--
INFO: Run ReadHtmlCache Behavior [ RunTime:0.001231s ]
INFO: [ app_begin ] --END-- [ RunTime:0.001411s ]
INFO: [ view_template ] --START--
INFO: Run LocationTemplate Behavior [ RunTime:0.000794s ]
INFO: [ view_template ] --END-- [ RunTime:0.000876s ]
INFO: [ view_parse ] --START--
INFO: Run ParseTemplate Behavior [ RunTime:0.016146s ]
INFO: [ view_parse ] --END-- [ RunTime:0.016236s ]
INFO: [ view_filter ] --START--
INFO: Run ContentReplace Behavior [ RunTime:0.000667s ]
INFO: Run TokenBuild Behavior [ RunTime:0.000500s ]
INFO: Run WriteHtmlCache Behavior [ RunTime:0.000345s ]
INFO: Run ShowRuntime Behavior [ RunTime:0.000553s ]
INFO: [ view_filter ] --END-- [ RunTime:0.002222s ]
INFO: [ view_end ] --START--
INFO: Run ShowPageTrace Behavior [ RunTime:0.000636s ]
INFO: [ view_end ] --END-- [ RunTime:0.000689s ]

[ 2014-09-04T22:03:39+08:00 ] 192.168.191.2 /HG/
INFO: [ app_begin ] --START--
INFO: Run ReadHtmlCache Behavior [ RunTime:0.000916s ]
INFO: [ app_begin ] --END-- [ RunTime:0.001026s ]
INFO: [ view_template ] --START--
INFO: Run LocationTemplate Behavior [ RunTime:0.000734s ]
INFO: [ view_template ] --END-- [ RunTime:0.000819s ]
INFO: [ view_parse ] --START--
INFO: Run ParseTemplate Behavior [ RunTime:0.014356s ]
INFO: [ view_parse ] --END-- [ RunTime:0.014438s ]
INFO: [ view_filter ] --START--
INFO: Run ContentReplace Behavior [ RunTime:0.000618s ]
INFO: Run TokenBuild Behavior [ RunTime:0.000444s ]
INFO: Run WriteHtmlCache Behavior [ RunTime:0.000335s ]
INFO: Run ShowRuntime Behavior [ RunTime:0.000535s ]
INFO: [ view_filter ] --END-- [ RunTime:0.002081s ]
INFO: [ view_end ] --START--
INFO: Run ShowPageTrace Behavior [ RunTime:0.000597s ]
INFO: [ view_end ] --END-- [ RunTime:0.000650s ]

[ 2014-09-04T22:03:47+08:00 ] 172.18.159.93 /HG/
INFO: [ app_begin ] --START--
INFO: Run ReadHtmlCache Behavior [ RunTime:0.001307s ]
INFO: [ app_begin ] --END-- [ RunTime:0.001471s ]
INFO: [ view_template ] --START--
INFO: Run LocationTemplate Behavior [ RunTime:0.000607s ]
INFO: [ view_template ] --END-- [ RunTime:0.000708s ]
INFO: [ view_parse ] --START--
INFO: Run ParseTemplate Behavior [ RunTime:0.015204s ]
INFO: [ view_parse ] --END-- [ RunTime:0.015288s ]
INFO: [ view_filter ] --START--
INFO: Run ContentReplace Behavior [ RunTime:0.000598s ]
INFO: Run TokenBuild Behavior [ RunTime:0.000399s ]
INFO: Run WriteHtmlCache Behavior [ RunTime:0.000246s ]
INFO: Run ShowRuntime Behavior [ RunTime:0.000436s ]
INFO: [ view_filter ] --END-- [ RunTime:0.001829s ]
INFO: [ view_end ] --START--
INFO: Run ShowPageTrace Behavior [ RunTime:0.000556s ]
INFO: [ view_end ] --END-- [ RunTime:0.000609s ]

[ 2014-09-04T22:03:50+08:00 ] 192.168.191.2 /HG/
INFO: [ app_begin ] --START--
INFO: Run ReadHtmlCache Behavior [ RunTime:0.001019s ]
INFO: [ app_begin ] --END-- [ RunTime:0.001148s ]
INFO: [ view_template ] --START--
INFO: Run LocationTemplate Behavior [ RunTime:0.001442s ]
INFO: [ view_template ] --END-- [ RunTime:0.001595s ]
INFO: [ view_parse ] --START--
INFO: Run ParseTemplate Behavior [ RunTime:0.019508s ]
INFO: [ view_parse ] --END-- [ RunTime:0.019623s ]
INFO: [ view_filter ] --START--
INFO: Run ContentReplace Behavior [ RunTime:0.000707s ]
INFO: Run TokenBuild Behavior [ RunTime:0.000447s ]
INFO: Run WriteHtmlCache Behavior [ RunTime:0.000339s ]
INFO: Run ShowRuntime Behavior [ RunTime:0.000529s ]
INFO: [ view_filter ] --END-- [ RunTime:0.002172s ]
INFO: [ view_end ] --START--
INFO: Run ShowPageTrace Behavior [ RunTime:0.000601s ]
INFO: [ view_end ] --END-- [ RunTime:0.000653s ]

[ 2014-09-04T22:14:54+08:00 ] 192.168.191.2 /HG/
INFO: [ app_begin ] --START--
INFO: Run ReadHtmlCache Behavior [ RunTime:0.000843s ]
INFO: [ app_begin ] --END-- [ RunTime:0.000936s ]
INFO: [ view_template ] --START--
INFO: Run LocationTemplate Behavior [ RunTime:0.000737s ]
INFO: [ view_template ] --END-- [ RunTime:0.000808s ]
INFO: [ view_parse ] --START--
INFO: Run ParseTemplate Behavior [ RunTime:0.019174s ]
INFO: [ view_parse ] --END-- [ RunTime:0.019292s ]
INFO: [ view_filter ] --START--
INFO: Run ContentReplace Behavior [ RunTime:0.001167s ]
INFO: Run TokenBuild Behavior [ RunTime:0.000947s ]
INFO: Run WriteHtmlCache Behavior [ RunTime:0.000722s ]
INFO: Run ShowRuntime Behavior [ RunTime:0.001237s ]
INFO: [ view_filter ] --END-- [ RunTime:0.004482s ]
INFO: [ view_end ] --START--
INFO: Run ShowPageTrace Behavior [ RunTime:0.001012s ]
INFO: [ view_end ] --END-- [ RunTime:0.001101s ]

[ 2014-09-04T22:15:01+08:00 ] 172.18.159.93 /HG/
INFO: [ app_begin ] --START--
INFO: Run ReadHtmlCache Behavior [ RunTime:0.000766s ]
INFO: [ app_begin ] --END-- [ RunTime:0.000857s ]
INFO: [ view_template ] --START--
INFO: Run LocationTemplate Behavior [ RunTime:0.000764s ]
INFO: [ view_template ] --END-- [ RunTime:0.000845s ]
INFO: [ view_parse ] --START--
INFO: Run ParseTemplate Behavior [ RunTime:0.016000s ]
INFO: [ view_parse ] --END-- [ RunTime:0.016127s ]
INFO: [ view_filter ] --START--
INFO: Run ContentReplace Behavior [ RunTime:0.000740s ]
INFO: Run TokenBuild Behavior [ RunTime:0.000709s ]
INFO: Run WriteHtmlCache Behavior [ RunTime:0.000466s ]
INFO: Run ShowRuntime Behavior [ RunTime:0.000608s ]
INFO: [ view_filter ] --END-- [ RunTime:0.002728s ]
INFO: [ view_end ] --START--
INFO: Run ShowPageTrace Behavior [ RunTime:0.000823s ]
INFO: [ view_end ] --END-- [ RunTime:0.000900s ]

[ 2014-09-04T22:16:06+08:00 ] 192.168.191.2 /HG/
INFO: [ app_begin ] --START--
INFO: Run ReadHtmlCache Behavior [ RunTime:0.000578s ]
INFO: [ app_begin ] --END-- [ RunTime:0.000677s ]
INFO: [ view_template ] --START--
INFO: Run LocationTemplate Behavior [ RunTime:0.000401s ]
INFO: [ view_template ] --END-- [ RunTime:0.000470s ]
INFO: [ view_parse ] --START--
INFO: Run ParseTemplate Behavior [ RunTime:0.017061s ]
INFO: [ view_parse ] --END-- [ RunTime:0.017167s ]
INFO: [ view_filter ] --START--
INFO: Run ContentReplace Behavior [ RunTime:0.000721s ]
INFO: Run TokenBuild Behavior [ RunTime:0.000582s ]
INFO: Run WriteHtmlCache Behavior [ RunTime:0.000349s ]
INFO: Run ShowRuntime Behavior [ RunTime:0.000747s ]
INFO: [ view_filter ] --END-- [ RunTime:0.002637s ]
INFO: [ view_end ] --START--
INFO: Run ShowPageTrace Behavior [ RunTime:0.000881s ]
INFO: [ view_end ] --END-- [ RunTime:0.000975s ]

[ 2014-09-04T22:16:14+08:00 ] 172.18.159.93 /HG/
INFO: [ app_begin ] --START--
INFO: Run ReadHtmlCache Behavior [ RunTime:0.000830s ]
INFO: [ app_begin ] --END-- [ RunTime:0.000954s ]
INFO: [ view_template ] --START--
INFO: Run LocationTemplate Behavior [ RunTime:0.000527s ]
INFO: [ view_template ] --END-- [ RunTime:0.000616s ]
INFO: [ view_parse ] --START--
INFO: Run ParseTemplate Behavior [ RunTime:0.017617s ]
INFO: [ view_parse ] --END-- [ RunTime:0.017712s ]
INFO: [ view_filter ] --START--
INFO: Run ContentReplace Behavior [ RunTime:0.000537s ]
INFO: Run TokenBuild Behavior [ RunTime:0.000350s ]
INFO: Run WriteHtmlCache Behavior [ RunTime:0.000353s ]
INFO: Run ShowRuntime Behavior [ RunTime:0.000436s ]
INFO: [ view_filter ] --END-- [ RunTime:0.001823s ]
INFO: [ view_end ] --START--
INFO: Run ShowPageTrace Behavior [ RunTime:0.000511s ]
INFO: [ view_end ] --END-- [ RunTime:0.000562s ]

[ 2014-09-04T22:17:40+08:00 ] 172.18.159.93 /HG/
INFO: [ app_begin ] --START--
INFO: Run ReadHtmlCache Behavior [ RunTime:0.001417s ]
INFO: [ app_begin ] --END-- [ RunTime:0.001593s ]
INFO: [ view_template ] --START--
INFO: Run LocationTemplate Behavior [ RunTime:0.000862s ]
INFO: [ view_template ] --END-- [ RunTime:0.000948s ]
INFO: [ view_parse ] --START--
INFO: Run ParseTemplate Behavior [ RunTime:0.016015s ]
INFO: [ view_parse ] --END-- [ RunTime:0.016099s ]
INFO: [ view_filter ] --START--
INFO: Run ContentReplace Behavior [ RunTime:0.000641s ]
INFO: Run TokenBuild Behavior [ RunTime:0.000524s ]
INFO: Run WriteHtmlCache Behavior [ RunTime:0.000369s ]
INFO: Run ShowRuntime Behavior [ RunTime:0.000626s ]
INFO: [ view_filter ] --END-- [ RunTime:0.002320s ]
INFO: [ view_end ] --START--
INFO: Run ShowPageTrace Behavior [ RunTime:0.000648s ]
INFO: [ view_end ] --END-- [ RunTime:0.000719s ]

[ 2014-09-04T22:17:49+08:00 ] 192.168.191.2 /HG/
INFO: [ app_begin ] --START--
INFO: Run ReadHtmlCache Behavior [ RunTime:0.001487s ]
INFO: [ app_begin ] --END-- [ RunTime:0.001731s ]
INFO: [ view_template ] --START--
INFO: Run LocationTemplate Behavior [ RunTime:0.001461s ]
INFO: [ view_template ] --END-- [ RunTime:0.001658s ]
INFO: [ view_parse ] --START--
INFO: Run ParseTemplate Behavior [ RunTime:0.023373s ]
INFO: [ view_parse ] --END-- [ RunTime:0.023494s ]
INFO: [ view_filter ] --START--
INFO: Run ContentReplace Behavior [ RunTime:0.000671s ]
INFO: Run TokenBuild Behavior [ RunTime:0.000447s ]
INFO: Run WriteHtmlCache Behavior [ RunTime:0.000302s ]
INFO: Run ShowRuntime Behavior [ RunTime:0.000542s ]
INFO: [ view_filter ] --END-- [ RunTime:0.002152s ]
INFO: [ view_end ] --START--
INFO: Run ShowPageTrace Behavior [ RunTime:0.000632s ]
INFO: [ view_end ] --END-- [ RunTime:0.000698s ]

[ 2014-09-04T22:18:08+08:00 ] 172.18.159.93 /HG/
INFO: [ app_begin ] --START--
INFO: Run ReadHtmlCache Behavior [ RunTime:0.000786s ]
INFO: [ app_begin ] --END-- [ RunTime:0.000886s ]
INFO: [ view_template ] --START--
INFO: Run LocationTemplate Behavior [ RunTime:0.000853s ]
INFO: [ view_template ] --END-- [ RunTime:0.000953s ]
INFO: [ view_parse ] --START--
INFO: Run ParseTemplate Behavior [ RunTime:0.014841s ]
INFO: [ view_parse ] --END-- [ RunTime:0.014958s ]
INFO: [ view_filter ] --START--
INFO: Run ContentReplace Behavior [ RunTime:0.000919s ]
INFO: Run TokenBuild Behavior [ RunTime:0.000489s ]
INFO: Run WriteHtmlCache Behavior [ RunTime:0.000344s ]
INFO: Run ShowRuntime Behavior [ RunTime:0.000536s ]
INFO: [ view_filter ] --END-- [ RunTime:0.002471s ]
INFO: [ view_end ] --START--
INFO: Run ShowPageTrace Behavior [ RunTime:0.000621s ]
INFO: [ view_end ] --END-- [ RunTime:0.000674s ]

[ 2014-09-04T22:18:19+08:00 ] 192.168.191.2 /HG/
INFO: [ app_begin ] --START--
INFO: Run ReadHtmlCache Behavior [ RunTime:0.001005s ]
INFO: [ app_begin ] --END-- [ RunTime:0.001122s ]
INFO: [ view_template ] --START--
INFO: Run LocationTemplate Behavior [ RunTime:0.000931s ]
INFO: [ view_template ] --END-- [ RunTime:0.001014s ]
INFO: [ view_parse ] --START--
INFO: Run ParseTemplate Behavior [ RunTime:0.021125s ]
INFO: [ view_parse ] --END-- [ RunTime:0.021223s ]
INFO: [ view_filter ] --START--
INFO: Run ContentReplace Behavior [ RunTime:0.000769s ]
INFO: Run TokenBuild Behavior [ RunTime:0.000544s ]
INFO: Run WriteHtmlCache Behavior [ RunTime:0.000452s ]
INFO: Run ShowRuntime Behavior [ RunTime:0.000605s ]
INFO: [ view_filter ] --END-- [ RunTime:0.002595s ]
INFO: [ view_end ] --START--
INFO: Run ShowPageTrace Behavior [ RunTime:0.000746s ]
INFO: [ view_end ] --END-- [ RunTime:0.000816s ]

[ 2014-09-04T22:19:14+08:00 ] 172.18.159.93 /HG/
INFO: [ app_begin ] --START--
INFO: Run ReadHtmlCache Behavior [ RunTime:0.000792s ]
INFO: [ app_begin ] --END-- [ RunTime:0.000936s ]
INFO: [ view_template ] --START--
INFO: Run LocationTemplate Behavior [ RunTime:0.000478s ]
INFO: [ view_template ] --END-- [ RunTime:0.000586s ]
INFO: [ view_parse ] --START--
INFO: Run ParseTemplate Behavior [ RunTime:0.017566s ]
INFO: [ view_parse ] --END-- [ RunTime:0.017653s ]
INFO: [ view_filter ] --START--
INFO: Run ContentReplace Behavior [ RunTime:0.000803s ]
INFO: Run TokenBuild Behavior [ RunTime:0.000516s ]
INFO: Run WriteHtmlCache Behavior [ RunTime:0.000372s ]
INFO: Run ShowRuntime Behavior [ RunTime:0.000758s ]
INFO: [ view_filter ] --END-- [ RunTime:0.002681s ]
INFO: [ view_end ] --START--
INFO: Run ShowPageTrace Behavior [ RunTime:0.000635s ]
INFO: [ view_end ] --END-- [ RunTime:0.000737s ]

[ 2014-09-04T22:22:42+08:00 ] 172.18.159.93 /HG/
INFO: [ app_begin ] --START--
INFO: Run ReadHtmlCache Behavior [ RunTime:0.001075s ]
INFO: [ app_begin ] --END-- [ RunTime:0.001203s ]
INFO: [ view_template ] --START--
INFO: Run LocationTemplate Behavior [ RunTime:0.000813s ]
INFO: [ view_template ] --END-- [ RunTime:0.000895s ]
INFO: [ view_parse ] --START--
INFO: Run ParseTemplate Behavior [ RunTime:0.016614s ]
INFO: [ view_parse ] --END-- [ RunTime:0.016703s ]
INFO: [ view_filter ] --START--
INFO: Run ContentReplace Behavior [ RunTime:0.000669s ]
INFO: Run TokenBuild Behavior [ RunTime:0.000459s ]
INFO: Run WriteHtmlCache Behavior [ RunTime:0.000341s ]
INFO: Run ShowRuntime Behavior [ RunTime:0.000556s ]
INFO: [ view_filter ] --END-- [ RunTime:0.002177s ]
INFO: [ view_end ] --START--
INFO: Run ShowPageTrace Behavior [ RunTime:0.000610s ]
INFO: [ view_end ] --END-- [ RunTime:0.000663s ]

[ 2014-09-04T22:22:58+08:00 ] 192.168.191.2 /HG/
INFO: [ app_begin ] --START--
INFO: Run ReadHtmlCache Behavior [ RunTime:0.001097s ]
INFO: [ app_begin ] --END-- [ RunTime:0.001206s ]
INFO: [ view_template ] --START--
INFO: Run LocationTemplate Behavior [ RunTime:0.000965s ]
INFO: [ view_template ] --END-- [ RunTime:0.001057s ]
INFO: [ view_parse ] --START--
INFO: Run ParseTemplate Behavior [ RunTime:0.021994s ]
INFO: [ view_parse ] --END-- [ RunTime:0.022101s ]
INFO: [ view_filter ] --START--
INFO: Run ContentReplace Behavior [ RunTime:0.000982s ]
INFO: Run TokenBuild Behavior [ RunTime:0.001049s ]
INFO: Run WriteHtmlCache Behavior [ RunTime:0.000677s ]
INFO: Run ShowRuntime Behavior [ RunTime:0.000846s ]
INFO: [ view_filter ] --END-- [ RunTime:0.003867s ]
INFO: [ view_end ] --START--
INFO: Run ShowPageTrace Behavior [ RunTime:0.001096s ]
INFO: [ view_end ] --END-- [ RunTime:0.001173s ]

[ 2014-09-04T22:23:05+08:00 ] 192.168.191.2 /HG/
INFO: [ app_begin ] --START--
INFO: Run ReadHtmlCache Behavior [ RunTime:0.001199s ]
INFO: [ app_begin ] --END-- [ RunTime:0.001394s ]
INFO: [ view_template ] --START--
INFO: Run LocationTemplate Behavior [ RunTime:0.000816s ]
INFO: [ view_template ] --END-- [ RunTime:0.000959s ]
INFO: [ view_parse ] --START--
INFO: Run ParseTemplate Behavior [ RunTime:0.029007s ]
INFO: [ view_parse ] --END-- [ RunTime:0.029147s ]
INFO: [ view_filter ] --START--
INFO: Run ContentReplace Behavior [ RunTime:0.000762s ]
INFO: Run TokenBuild Behavior [ RunTime:0.000389s ]
INFO: Run WriteHtmlCache Behavior [ RunTime:0.000273s ]
INFO: Run ShowRuntime Behavior [ RunTime:0.000458s ]
INFO: [ view_filter ] --END-- [ RunTime:0.002057s ]
INFO: [ view_end ] --START--
INFO: Run ShowPageTrace Behavior [ RunTime:0.000544s ]
INFO: [ view_end ] --END-- [ RunTime:0.000599s ]

[ 2014-09-04T22:23:09+08:00 ] 172.18.159.93 /HG/
INFO: [ app_begin ] --START--
INFO: Run ReadHtmlCache Behavior [ RunTime:0.000989s ]
INFO: [ app_begin ] --END-- [ RunTime:0.001112s ]
INFO: [ view_template ] --START--
INFO: Run LocationTemplate Behavior [ RunTime:0.000702s ]
INFO: [ view_template ] --END-- [ RunTime:0.000771s ]
INFO: [ view_parse ] --START--
INFO: Run ParseTemplate Behavior [ RunTime:0.016671s ]
INFO: [ view_parse ] --END-- [ RunTime:0.016755s ]
INFO: [ view_filter ] --START--
INFO: Run ContentReplace Behavior [ RunTime:0.000639s ]
INFO: Run TokenBuild Behavior [ RunTime:0.000500s ]
INFO: Run WriteHtmlCache Behavior [ RunTime:0.000338s ]
INFO: Run ShowRuntime Behavior [ RunTime:0.000587s ]
INFO: [ view_filter ] --END-- [ RunTime:0.002214s ]
INFO: [ view_end ] --START--
INFO: Run ShowPageTrace Behavior [ RunTime:0.000653s ]
INFO: [ view_end ] --END-- [ RunTime:0.000706s ]

[ 2014-09-04T22:23:44+08:00 ] 192.168.191.2 /HG/
INFO: [ app_begin ] --START--
INFO: Run ReadHtmlCache Behavior [ RunTime:0.001074s ]
INFO: [ app_begin ] --END-- [ RunTime:0.001210s ]
INFO: [ view_template ] --START--
INFO: Run LocationTemplate Behavior [ RunTime:0.000904s ]
INFO: [ view_template ] --END-- [ RunTime:0.000986s ]
INFO: [ view_parse ] --START--
INFO: Run ParseTemplate Behavior [ RunTime:0.018130s ]
INFO: [ view_parse ] --END-- [ RunTime:0.018221s ]
INFO: [ view_filter ] --START--
INFO: Run ContentReplace Behavior [ RunTime:0.000639s ]
INFO: Run TokenBuild Behavior [ RunTime:0.000445s ]
INFO: Run WriteHtmlCache Behavior [ RunTime:0.000338s ]
INFO: Run ShowRuntime Behavior [ RunTime:0.000568s ]
INFO: [ view_filter ] --END-- [ RunTime:0.002140s ]
INFO: [ view_end ] --START--
INFO: Run ShowPageTrace Behavior [ RunTime:0.000635s ]
INFO: [ view_end ] --END-- [ RunTime:0.000687s ]

[ 2014-09-04T22:24:31+08:00 ] 192.168.191.2 /HG/
INFO: [ app_begin ] --START--
INFO: Run ReadHtmlCache Behavior [ RunTime:0.001600s ]
INFO: [ app_begin ] --END-- [ RunTime:0.001767s ]
INFO: [ view_template ] --START--
INFO: Run LocationTemplate Behavior [ RunTime:0.001740s ]
INFO: [ view_template ] --END-- [ RunTime:0.001883s ]
INFO: [ view_parse ] --START--
INFO: Run ParseTemplate Behavior [ RunTime:0.023896s ]
INFO: [ view_parse ] --END-- [ RunTime:0.024030s ]
INFO: [ view_filter ] --START--
INFO: Run ContentReplace Behavior [ RunTime:0.000921s ]
INFO: Run TokenBuild Behavior [ RunTime:0.000827s ]
INFO: Run WriteHtmlCache Behavior [ RunTime:0.000508s ]
INFO: Run ShowRuntime Behavior [ RunTime:0.000896s ]
INFO: [ view_filter ] --END-- [ RunTime:0.003397s ]
INFO: [ view_end ] --START--
INFO: Run ShowPageTrace Behavior [ RunTime:0.001047s ]
INFO: [ view_end ] --END-- [ RunTime:0.001181s ]

[ 2014-09-04T22:24:42+08:00 ] 192.168.191.2 /HG/
INFO: [ app_begin ] --START--
INFO: Run ReadHtmlCache Behavior [ RunTime:0.000654s ]
INFO: [ app_begin ] --END-- [ RunTime:0.000762s ]
INFO: [ view_template ] --START--
INFO: Run LocationTemplate Behavior [ RunTime:0.000454s ]
INFO: [ view_template ] --END-- [ RunTime:0.000531s ]
INFO: [ view_parse ] --START--
INFO: Run ParseTemplate Behavior [ RunTime:0.018710s ]
INFO: [ view_parse ] --END-- [ RunTime:0.018806s ]
INFO: [ view_filter ] --START--
INFO: Run ContentReplace Behavior [ RunTime:0.000751s ]
INFO: Run TokenBuild Behavior [ RunTime:0.000466s ]
INFO: Run WriteHtmlCache Behavior [ RunTime:0.000567s ]
INFO: Run ShowRuntime Behavior [ RunTime:0.000589s ]
INFO: [ view_filter ] --END-- [ RunTime:0.002578s ]
INFO: [ view_end ] --START--
INFO: Run ShowPageTrace Behavior [ RunTime:0.000688s ]
INFO: [ view_end ] --END-- [ RunTime:0.000758s ]

[ 2014-09-04T22:24:55+08:00 ] 192.168.191.2 /HG/
INFO: [ app_begin ] --START--
INFO: Run ReadHtmlCache Behavior [ RunTime:0.000611s ]
INFO: [ app_begin ] --END-- [ RunTime:0.000708s ]
INFO: [ view_template ] --START--
INFO: Run LocationTemplate Behavior [ RunTime:0.000486s ]
INFO: [ view_template ] --END-- [ RunTime:0.000556s ]
INFO: [ view_parse ] --START--
INFO: Run ParseTemplate Behavior [ RunTime:0.016154s ]
INFO: [ view_parse ] --END-- [ RunTime:0.016235s ]
INFO: [ view_filter ] --START--
INFO: Run ContentReplace Behavior [ RunTime:0.000974s ]
INFO: Run TokenBuild Behavior [ RunTime:0.000508s ]
INFO: Run WriteHtmlCache Behavior [ RunTime:0.000288s ]
INFO: Run ShowRuntime Behavior [ RunTime:0.000516s ]
INFO: [ view_filter ] --END-- [ RunTime:0.002489s ]
INFO: [ view_end ] --START--
INFO: Run ShowPageTrace Behavior [ RunTime:0.000592s ]
INFO: [ view_end ] --END-- [ RunTime:0.000655s ]

[ 2014-09-04T22:25:00+08:00 ] 172.18.159.93 /HG/
INFO: [ app_begin ] --START--
INFO: Run ReadHtmlCache Behavior [ RunTime:0.001295s ]
INFO: [ app_begin ] --END-- [ RunTime:0.001492s ]
INFO: [ view_template ] --START--
INFO: Run LocationTemplate Behavior [ RunTime:0.001107s ]
INFO: [ view_template ] --END-- [ RunTime:0.001217s ]
INFO: [ view_parse ] --START--
INFO: Run ParseTemplate Behavior [ RunTime:0.017002s ]
INFO: [ view_parse ] --END-- [ RunTime:0.017145s ]
INFO: [ view_filter ] --START--
INFO: Run ContentReplace Behavior [ RunTime:0.000661s ]
INFO: Run TokenBuild Behavior [ RunTime:0.000503s ]
INFO: Run WriteHtmlCache Behavior [ RunTime:0.000509s ]
INFO: Run ShowRuntime Behavior [ RunTime:0.000752s ]
INFO: [ view_filter ] --END-- [ RunTime:0.002655s ]
INFO: [ view_end ] --START--
INFO: Run ShowPageTrace Behavior [ RunTime:0.000706s ]
INFO: [ view_end ] --END-- [ RunTime:0.000761s ]

[ 2014-09-04T22:25:15+08:00 ] 172.18.159.93 /HG/
INFO: [ app_begin ] --START--
INFO: Run ReadHtmlCache Behavior [ RunTime:0.001083s ]
INFO: [ app_begin ] --END-- [ RunTime:0.001208s ]
INFO: [ view_template ] --START--
INFO: Run LocationTemplate Behavior [ RunTime:0.000948s ]
INFO: [ view_template ] --END-- [ RunTime:0.001063s ]
INFO: [ view_parse ] --START--
INFO: Run ParseTemplate Behavior [ RunTime:0.017640s ]
INFO: [ view_parse ] --END-- [ RunTime:0.017744s ]
INFO: [ view_filter ] --START--
INFO: Run ContentReplace Behavior [ RunTime:0.000684s ]
INFO: Run TokenBuild Behavior [ RunTime:0.000537s ]
INFO: Run WriteHtmlCache Behavior [ RunTime:0.000384s ]
INFO: Run ShowRuntime Behavior [ RunTime:0.000536s ]
INFO: [ view_filter ] --END-- [ RunTime:0.002299s ]
INFO: [ view_end ] --START--
INFO: Run ShowPageTrace Behavior [ RunTime:0.001164s ]
INFO: [ view_end ] --END-- [ RunTime:0.001266s ]

[ 2014-09-04T22:26:21+08:00 ] 172.18.159.93 /HG/
INFO: [ app_begin ] --START--
INFO: Run ReadHtmlCache Behavior [ RunTime:0.001434s ]
INFO: [ app_begin ] --END-- [ RunTime:0.001588s ]
INFO: [ view_template ] --START--
INFO: Run LocationTemplate Behavior [ RunTime:0.001353s ]
INFO: [ view_template ] --END-- [ RunTime:0.001500s ]
INFO: [ view_parse ] --START--
INFO: Run ParseTemplate Behavior [ RunTime:0.019306s ]
INFO: [ view_parse ] --END-- [ RunTime:0.019460s ]
INFO: [ view_filter ] --START--
INFO: Run ContentReplace Behavior [ RunTime:0.000792s ]
INFO: Run TokenBuild Behavior [ RunTime:0.000599s ]
INFO: Run WriteHtmlCache Behavior [ RunTime:0.000364s ]
INFO: Run ShowRuntime Behavior [ RunTime:0.000539s ]
INFO: [ view_filter ] --END-- [ RunTime:0.002484s ]
INFO: [ view_end ] --START--
INFO: Run ShowPageTrace Behavior [ RunTime:0.000611s ]
INFO: [ view_end ] --END-- [ RunTime:0.000666s ]

[ 2014-09-04T22:26:52+08:00 ] 192.168.191.2 /HG/
INFO: [ app_begin ] --START--
INFO: Run ReadHtmlCache Behavior [ RunTime:0.001318s ]
INFO: [ app_begin ] --END-- [ RunTime:0.001485s ]
INFO: [ view_template ] --START--
INFO: Run LocationTemplate Behavior [ RunTime:0.000873s ]
INFO: [ view_template ] --END-- [ RunTime:0.001010s ]
INFO: [ view_parse ] --START--
INFO: Run ParseTemplate Behavior [ RunTime:0.018018s ]
INFO: [ view_parse ] --END-- [ RunTime:0.018123s ]
INFO: [ view_filter ] --START--
INFO: Run ContentReplace Behavior [ RunTime:0.000631s ]
INFO: Run TokenBuild Behavior [ RunTime:0.000349s ]
INFO: Run WriteHtmlCache Behavior [ RunTime:0.000245s ]
INFO: Run ShowRuntime Behavior [ RunTime:0.000484s ]
INFO: [ view_filter ] --END-- [ RunTime:0.001858s ]
INFO: [ view_end ] --START--
INFO: Run ShowPageTrace Behavior [ RunTime:0.000505s ]
INFO: [ view_end ] --END-- [ RunTime:0.000556s ]

[ 2014-09-04T22:27:27+08:00 ] 192.168.191.2 /HG/
INFO: [ app_begin ] --START--
INFO: Run ReadHtmlCache Behavior [ RunTime:0.000767s ]
INFO: [ app_begin ] --END-- [ RunTime:0.000864s ]
INFO: [ view_template ] --START--
INFO: Run LocationTemplate Behavior [ RunTime:0.000729s ]
INFO: [ view_template ] --END-- [ RunTime:0.000795s ]
INFO: [ view_parse ] --START--
INFO: Run ParseTemplate Behavior [ RunTime:0.015994s ]
INFO: [ view_parse ] --END-- [ RunTime:0.016084s ]
INFO: [ view_filter ] --START--
INFO: Run ContentReplace Behavior [ RunTime:0.000694s ]
INFO: Run TokenBuild Behavior [ RunTime:0.000487s ]
INFO: Run WriteHtmlCache Behavior [ RunTime:0.000371s ]
INFO: Run ShowRuntime Behavior [ RunTime:0.000581s ]
INFO: [ view_filter ] --END-- [ RunTime:0.002297s ]
INFO: [ view_end ] --START--
INFO: Run ShowPageTrace Behavior [ RunTime:0.000661s ]
INFO: [ view_end ] --END-- [ RunTime:0.000720s ]

[ 2014-09-04T22:27:42+08:00 ] 192.168.191.2 /HG/
INFO: [ app_begin ] --START--
INFO: Run ReadHtmlCache Behavior [ RunTime:0.001812s ]
INFO: [ app_begin ] --END-- [ RunTime:0.002055s ]
INFO: [ view_template ] --START--
INFO: Run LocationTemplate Behavior [ RunTime:0.001202s ]
INFO: [ view_template ] --END-- [ RunTime:0.001427s ]
INFO: [ view_parse ] --START--
INFO: Run ParseTemplate Behavior [ RunTime:0.016983s ]
INFO: [ view_parse ] --END-- [ RunTime:0.017139s ]
INFO: [ view_filter ] --START--
INFO: Run ContentReplace Behavior [ RunTime:0.000534s ]
INFO: Run TokenBuild Behavior [ RunTime:0.000437s ]
INFO: Run WriteHtmlCache Behavior [ RunTime:0.000331s ]
INFO: Run ShowRuntime Behavior [ RunTime:0.000588s ]
INFO: [ view_filter ] --END-- [ RunTime:0.002108s ]
INFO: [ view_end ] --START--
INFO: Run ShowPageTrace Behavior [ RunTime:0.000564s ]
INFO: [ view_end ] --END-- [ RunTime:0.000615s ]

[ 2014-09-04T22:27:53+08:00 ] 192.168.191.2 /HG/
INFO: [ app_begin ] --START--
INFO: Run ReadHtmlCache Behavior [ RunTime:0.000488s ]
INFO: [ app_begin ] --END-- [ RunTime:0.000568s ]
INFO: [ view_template ] --START--
INFO: Run LocationTemplate Behavior [ RunTime:0.000344s ]
INFO: [ view_template ] --END-- [ RunTime:0.000401s ]
INFO: [ view_parse ] --START--
INFO: Run ParseTemplate Behavior [ RunTime:0.014699s ]
INFO: [ view_parse ] --END-- [ RunTime:0.014781s ]
INFO: [ view_filter ] --START--
INFO: Run ContentReplace Behavior [ RunTime:0.000607s ]
INFO: Run TokenBuild Behavior [ RunTime:0.000399s ]
INFO: Run WriteHtmlCache Behavior [ RunTime:0.000245s ]
INFO: Run ShowRuntime Behavior [ RunTime:0.000481s ]
INFO: [ view_filter ] --END-- [ RunTime:0.001880s ]
INFO: [ view_end ] --START--
INFO: Run ShowPageTrace Behavior [ RunTime:0.000829s ]
INFO: [ view_end ] --END-- [ RunTime:0.000882s ]

[ 2014-09-04T22:28:16+08:00 ] 192.168.191.2 /HG/
INFO: [ app_begin ] --START--
INFO: Run ReadHtmlCache Behavior [ RunTime:0.000625s ]
INFO: [ app_begin ] --END-- [ RunTime:0.000738s ]
INFO: [ view_template ] --START--
INFO: Run LocationTemplate Behavior [ RunTime:0.000447s ]
INFO: [ view_template ] --END-- [ RunTime:0.000507s ]
INFO: [ view_parse ] --START--
INFO: Run ParseTemplate Behavior [ RunTime:0.013403s ]
INFO: [ view_parse ] --END-- [ RunTime:0.013476s ]
INFO: [ view_filter ] --START--
INFO: Run ContentReplace Behavior [ RunTime:0.000518s ]
INFO: Run TokenBuild Behavior [ RunTime:0.000347s ]
INFO: Run WriteHtmlCache Behavior [ RunTime:0.000243s ]
INFO: Run ShowRuntime Behavior [ RunTime:0.000433s ]
INFO: [ view_filter ] --END-- [ RunTime:0.001689s ]
INFO: [ view_end ] --START--
INFO: Run ShowPageTrace Behavior [ RunTime:0.000511s ]
INFO: [ view_end ] --END-- [ RunTime:0.000567s ]

[ 2014-09-04T22:28:24+08:00 ] 192.168.191.2 /HG/
INFO: [ app_begin ] --START--
INFO: Run ReadHtmlCache Behavior [ RunTime:0.001422s ]
INFO: [ app_begin ] --END-- [ RunTime:0.001591s ]
INFO: [ view_template ] --START--
INFO: Run LocationTemplate Behavior [ RunTime:0.000809s ]
INFO: [ view_template ] --END-- [ RunTime:0.001022s ]
INFO: [ view_parse ] --START--
INFO: Run ParseTemplate Behavior [ RunTime:0.034548s ]
INFO: [ view_parse ] --END-- [ RunTime:0.034658s ]
INFO: [ view_filter ] --START--
INFO: Run ContentReplace Behavior [ RunTime:0.000671s ]
INFO: Run TokenBuild Behavior [ RunTime:0.000528s ]
INFO: Run WriteHtmlCache Behavior [ RunTime:0.000368s ]
INFO: Run ShowRuntime Behavior [ RunTime:0.000603s ]
INFO: [ view_filter ] --END-- [ RunTime:0.002335s ]
INFO: [ view_end ] --START--
INFO: Run ShowPageTrace Behavior [ RunTime:0.000576s ]
INFO: [ view_end ] --END-- [ RunTime:0.000628s ]

[ 2014-09-04T22:36:46+08:00 ] 192.168.191.2 /HG/
INFO: [ app_begin ] --START--
INFO: Run ReadHtmlCache Behavior [ RunTime:0.001969s ]
INFO: [ app_begin ] --END-- [ RunTime:0.002154s ]
INFO: [ view_template ] --START--
INFO: Run LocationTemplate Behavior [ RunTime:0.001185s ]
INFO: [ view_template ] --END-- [ RunTime:0.001282s ]
INFO: [ view_parse ] --START--
INFO: Run ParseTemplate Behavior [ RunTime:0.017038s ]
INFO: [ view_parse ] --END-- [ RunTime:0.017128s ]
INFO: [ view_filter ] --START--
INFO: Run ContentReplace Behavior [ RunTime:0.000822s ]
INFO: Run TokenBuild Behavior [ RunTime:0.000547s ]
INFO: Run WriteHtmlCache Behavior [ RunTime:0.000374s ]
INFO: Run ShowRuntime Behavior [ RunTime:0.000632s ]
INFO: [ view_filter ] --END-- [ RunTime:0.002544s ]
INFO: [ view_end ] --START--
INFO: Run ShowPageTrace Behavior [ RunTime:0.000720s ]
INFO: [ view_end ] --END-- [ RunTime:0.000781s ]

[ 2014-09-04T22:45:06+08:00 ] 0.0.0.0 /HG/
INFO: [ app_begin ] --START--
INFO: Run ReadHtmlCache Behavior [ RunTime:0.000792s ]
INFO: [ app_begin ] --END-- [ RunTime:0.000897s ]
INFO: [ view_template ] --START--
INFO: Run LocationTemplate Behavior [ RunTime:0.000683s ]
INFO: [ view_template ] --END-- [ RunTime:0.000741s ]
INFO: [ view_parse ] --START--
INFO: Run ParseTemplate Behavior [ RunTime:0.014417s ]
INFO: [ view_parse ] --END-- [ RunTime:0.014496s ]
INFO: [ view_filter ] --START--
INFO: Run ContentReplace Behavior [ RunTime:0.000600s ]
INFO: Run TokenBuild Behavior [ RunTime:0.000704s ]
INFO: Run WriteHtmlCache Behavior [ RunTime:0.000549s ]
INFO: Run ShowRuntime Behavior [ RunTime:0.000600s ]
INFO: [ view_filter ] --END-- [ RunTime:0.002700s ]
INFO: [ view_end ] --START--
INFO: Run ShowPageTrace Behavior [ RunTime:0.000787s ]
INFO: [ view_end ] --END-- [ RunTime:0.000865s ]

[ 2014-09-04T22:45:38+08:00 ] 0.0.0.0 /HG/
INFO: [ app_begin ] --START--
INFO: Run ReadHtmlCache Behavior [ RunTime:0.000607s ]
INFO: [ app_begin ] --END-- [ RunTime:0.000706s ]
INFO: [ view_template ] --START--
INFO: Run LocationTemplate Behavior [ RunTime:0.000539s ]
INFO: [ view_template ] --END-- [ RunTime:0.000621s ]
INFO: [ view_parse ] --START--
INFO: Run ParseTemplate Behavior [ RunTime:0.015283s ]
INFO: [ view_parse ] --END-- [ RunTime:0.015392s ]
INFO: [ view_filter ] --START--
INFO: Run ContentReplace Behavior [ RunTime:0.000615s ]
INFO: Run TokenBuild Behavior [ RunTime:0.000378s ]
INFO: Run WriteHtmlCache Behavior [ RunTime:0.000259s ]
INFO: Run ShowRuntime Behavior [ RunTime:0.000457s ]
INFO: [ view_filter ] --END-- [ RunTime:0.001865s ]
INFO: [ view_end ] --START--
INFO: Run ShowPageTrace Behavior [ RunTime:0.000743s ]
INFO: [ view_end ] --END-- [ RunTime:0.000797s ]

[ 2014-09-04T22:54:44+08:00 ] 0.0.0.0 /HG/
INFO: [ app_begin ] --START--
INFO: Run ReadHtmlCache Behavior [ RunTime:0.000777s ]
INFO: [ app_begin ] --END-- [ RunTime:0.000880s ]
INFO: [ view_template ] --START--
INFO: Run LocationTemplate Behavior [ RunTime:0.000736s ]
INFO: [ view_template ] --END-- [ RunTime:0.000806s ]
INFO: [ view_parse ] --START--
INFO: Run ParseTemplate Behavior [ RunTime:0.014429s ]
INFO: [ view_parse ] --END-- [ RunTime:0.014513s ]
INFO: [ view_filter ] --START--
INFO: Run ContentReplace Behavior [ RunTime:0.000634s ]
INFO: Run TokenBuild Behavior [ RunTime:0.000456s ]
INFO: Run WriteHtmlCache Behavior [ RunTime:0.000391s ]
INFO: Run ShowRuntime Behavior [ RunTime:0.000546s ]
INFO: [ view_filter ] --END-- [ RunTime:0.002198s ]
INFO: [ view_end ] --START--
INFO: Run ShowPageTrace Behavior [ RunTime:0.000721s ]
INFO: [ view_end ] --END-- [ RunTime:0.000781s ]

[ 2014-09-04T22:55:11+08:00 ] 0.0.0.0 /HG/
INFO: [ app_begin ] --START--
INFO: Run ReadHtmlCache Behavior [ RunTime:0.001211s ]
INFO: [ app_begin ] --END-- [ RunTime:0.001364s ]
INFO: [ view_template ] --START--
INFO: Run LocationTemplate Behavior [ RunTime:0.001309s ]
INFO: [ view_template ] --END-- [ RunTime:0.001454s ]
INFO: [ view_parse ] --START--
INFO: Run ParseTemplate Behavior [ RunTime:0.019648s ]
INFO: [ view_parse ] --END-- [ RunTime:0.019782s ]
INFO: [ view_filter ] --START--
INFO: Run ContentReplace Behavior [ RunTime:0.000959s ]
INFO: Run TokenBuild Behavior [ RunTime:0.000874s ]
INFO: Run WriteHtmlCache Behavior [ RunTime:0.000623s ]
INFO: Run ShowRuntime Behavior [ RunTime:0.000887s ]
INFO: [ view_filter ] --END-- [ RunTime:0.003631s ]
INFO: [ view_end ] --START--
INFO: Run ShowPageTrace Behavior [ RunTime:0.000961s ]
INFO: [ view_end ] --END-- [ RunTime:0.001055s ]

[ 2014-09-04T23:30:06+08:00 ] 0.0.0.0 /HG/
INFO: [ app_begin ] --START--
INFO: Run ReadHtmlCache Behavior [ RunTime:0.000816s ]
INFO: [ app_begin ] --END-- [ RunTime:0.000921s ]
INFO: [ view_template ] --START--
INFO: Run LocationTemplate Behavior [ RunTime:0.000754s ]
INFO: [ view_template ] --END-- [ RunTime:0.000824s ]
INFO: [ view_parse ] --START--
INFO: Run ParseTemplate Behavior [ RunTime:0.017311s ]
INFO: [ view_parse ] --END-- [ RunTime:0.017395s ]
INFO: [ view_filter ] --START--
INFO: Run ContentReplace Behavior [ RunTime:0.000697s ]
INFO: Run TokenBuild Behavior [ RunTime:0.000455s ]
INFO: Run WriteHtmlCache Behavior [ RunTime:0.000347s ]
INFO: Run ShowRuntime Behavior [ RunTime:0.000535s ]
INFO: [ view_filter ] --END-- [ RunTime:0.002191s ]
INFO: [ view_end ] --START--
INFO: Run ShowPageTrace Behavior [ RunTime:0.000612s ]
INFO: [ view_end ] --END-- [ RunTime:0.000664s ]

[ 2014-09-04T23:30:18+08:00 ] 0.0.0.0 /HG/
INFO: [ app_begin ] --START--
INFO: Run ReadHtmlCache Behavior [ RunTime:0.000753s ]
INFO: [ app_begin ] --END-- [ RunTime:0.000860s ]
INFO: [ view_template ] --START--
INFO: Run LocationTemplate Behavior [ RunTime:0.001114s ]
INFO: [ view_template ] --END-- [ RunTime:0.001210s ]
INFO: [ view_parse ] --START--
INFO: Run ParseTemplate Behavior [ RunTime:0.014127s ]
INFO: [ view_parse ] --END-- [ RunTime:0.014219s ]
INFO: [ view_filter ] --START--
INFO: Run ContentReplace Behavior [ RunTime:0.000658s ]
INFO: Run TokenBuild Behavior [ RunTime:0.000484s ]
INFO: Run WriteHtmlCache Behavior [ RunTime:0.000409s ]
INFO: Run ShowRuntime Behavior [ RunTime:0.000621s ]
INFO: [ view_filter ] --END-- [ RunTime:0.002334s ]
INFO: [ view_end ] --START--
INFO: Run ShowPageTrace Behavior [ RunTime:0.000754s ]
INFO: [ view_end ] --END-- [ RunTime:0.000828s ]

[ 2014-09-04T23:31:34+08:00 ] 0.0.0.0 /HG/
INFO: [ app_begin ] --START--
INFO: Run ReadHtmlCache Behavior [ RunTime:0.001103s ]
INFO: [ app_begin ] --END-- [ RunTime:0.001240s ]
INFO: [ view_template ] --START--
INFO: Run LocationTemplate Behavior [ RunTime:0.001161s ]
INFO: [ view_template ] --END-- [ RunTime:0.001270s ]
INFO: [ view_parse ] --START--
INFO: Run ParseTemplate Behavior [ RunTime:0.017861s ]
INFO: [ view_parse ] --END-- [ RunTime:0.017974s ]
INFO: [ view_filter ] --START--
INFO: Run ContentReplace Behavior [ RunTime:0.000700s ]
INFO: Run TokenBuild Behavior [ RunTime:0.000485s ]
INFO: Run WriteHtmlCache Behavior [ RunTime:0.000415s ]
INFO: Run ShowRuntime Behavior [ RunTime:0.000554s ]
INFO: [ view_filter ] --END-- [ RunTime:0.002336s ]
INFO: [ view_end ] --START--
INFO: Run ShowPageTrace Behavior [ RunTime:0.000701s ]
INFO: [ view_end ] --END-- [ RunTime:0.000763s ]

